<?xml version="1.0" encoding="UTF-8"?>
<!-- Generated by org.testng.reporters.JUnitReportReporter -->
<testsuite skipped="0" hostname="DESKTOP-6RSUI14" name="Mavenofficeproject.Home" tests="1" failures="0" timestamp="2020-04-26T17:56:39 IST" time="7.872" errors="0">
  <testcase name="UserInfo" time="7.872" classname="Mavenofficeproject.Home"/>
</testsuite> <!-- Mavenofficeproject.Home -->
