<?xml version="1.0" encoding="UTF-8"?>
<!-- Generated by org.testng.reporters.JUnitReportReporter -->
<testsuite skipped="0" hostname="DESKTOP-6RSUI14" name="MavenE2Eproject.HomePage" tests="2" failures="0" timestamp="2020-04-05T01:57:02 IST" time="18.448" errors="0">
  <testcase name="BasePagenavigation" time="7.898" classname="MavenE2Eproject.HomePage"/>
  <testcase name="BasePagenavigation" time="10.550" classname="MavenE2Eproject.HomePage"/>
</testsuite> <!-- MavenE2Eproject.HomePage -->
