<?xml version="1.0" encoding="UTF-8"?>
<!-- Generated by org.testng.reporters.JUnitReportReporter -->
<testsuite skipped="0" hostname="DESKTOP-6RSUI14" name="MavenE2Eproject.ValidateNavigationBar" tests="1" failures="0" timestamp="2020-04-05T01:57:02 IST" time="0.172" errors="0">
  <testcase name="BasePagenavigation" time="0.172" classname="MavenE2Eproject.ValidateNavigationBar"/>
</testsuite> <!-- MavenE2Eproject.ValidateNavigationBar -->
