<?xml version="1.0" encoding="UTF-8"?>
<!-- Generated by org.testng.reporters.JUnitReportReporter -->
<testsuite hostname="DESKTOP-6RSUI14" name="MavenE2Eproject.ValidateText" tests="1" failures="0" timestamp="4 Apr 2020 15:23:43 GMT" time="0.079" errors="0">
  <testcase name="BasePagenavigation" time="0.079" classname="MavenE2Eproject.ValidateText"/>
</testsuite> <!-- MavenE2Eproject.ValidateText -->
