<?xml version="1.0" encoding="UTF-8"?>
<!-- Generated by org.testng.reporters.JUnitReportReporter -->
<testsuite hostname="DESKTOP-6RSUI14" name="MavenE2Eproject.HomePage" tests="2" failures="0" timestamp="4 Apr 2020 15:23:43 GMT" time="30.432" errors="0">
  <testcase name="BasePagenavigation" time="22.247" classname="MavenE2Eproject.HomePage"/>
  <testcase name="BasePagenavigation" time="8.185" classname="MavenE2Eproject.HomePage"/>
</testsuite> <!-- MavenE2Eproject.HomePage -->
